[0.000000] (-) TimerEvent: {}
[0.000245] (-) JobUnselected: {'identifier': 'battery'}
[0.000528] (-) JobUnselected: {'identifier': 'battery_msgs'}
[0.001167] (-) JobUnselected: {'identifier': 'camera'}
[0.001527] (-) JobUnselected: {'identifier': 'control_msgs'}
[0.001920] (-) JobUnselected: {'identifier': 'inference'}
[0.002067] (-) JobUnselected: {'identifier': 'inference_msgs'}
[0.002187] (-) JobUnselected: {'identifier': 'joystick'}
[0.002307] (-) JobUnselected: {'identifier': 'joystick_msgs'}
[0.002438] (-) JobUnselected: {'identifier': 'perception_msgs'}
[0.002556] (-) JobUnselected: {'identifier': 'topst_utils'}
[0.002676] (decision) JobQueued: {'identifier': 'decision', 'dependencies': OrderedDict([('control_msgs', '/home/topst/SEAME_2026_Hackathon-clone/install/control_msgs'), ('inference_msgs', '/home/topst/SEAME_2026_Hackathon-clone/install/inference_msgs'), ('perception_msgs', '/home/topst/SEAME_2026_Hackathon-clone/install/perception_msgs')])}
[0.002818] (perception) JobQueued: {'identifier': 'perception', 'dependencies': OrderedDict([('perception_msgs', '/home/topst/SEAME_2026_Hackathon-clone/install/perception_msgs')])}
[0.002925] (control) JobQueued: {'identifier': 'control', 'dependencies': OrderedDict([('control_msgs', '/home/topst/SEAME_2026_Hackathon-clone/install/control_msgs'), ('joystick_msgs', '/home/topst/SEAME_2026_Hackathon-clone/install/joystick_msgs')])}
[0.003036] (monitor) JobQueued: {'identifier': 'monitor', 'dependencies': OrderedDict([('battery_msgs', '/home/topst/SEAME_2026_Hackathon-clone/install/battery_msgs'), ('control_msgs', '/home/topst/SEAME_2026_Hackathon-clone/install/control_msgs'), ('joystick_msgs', '/home/topst/SEAME_2026_Hackathon-clone/install/joystick_msgs')])}
[0.003144] (decision) JobStarted: {'identifier': 'decision'}
[0.025523] (decision) JobEnded: {'identifier': 'decision', 'rc': 1}
[0.027838] (perception) JobStarted: {'identifier': 'perception'}
[0.035277] (perception) JobEnded: {'identifier': 'perception', 'rc': 1}
[0.037313] (control) JobStarted: {'identifier': 'control'}
[0.044858] (control) JobEnded: {'identifier': 'control', 'rc': 1}
[0.046894] (monitor) JobStarted: {'identifier': 'monitor'}
[0.054638] (monitor) JobEnded: {'identifier': 'monitor', 'rc': 1}
[0.065335] (-) EventReactorShutdown: {}
